Determining if the pthread_create exist failed with the following output:
Change Dir: /home/cwu/Experiment/SVO/catkin_ws/build/CMakeFiles/CMakeTmp

Run Build Command:"/usr/bin/make" "cmTryCompileExec152529491/fast"
/usr/bin/make -f CMakeFiles/cmTryCompileExec152529491.dir/build.make CMakeFiles/cmTryCompileExec152529491.dir/build
make[1]: Entering directory `/home/cwu/Experiment/SVO/catkin_ws/build/CMakeFiles/CMakeTmp'
/usr/bin/cmake -E cmake_progress_report /home/cwu/Experiment/SVO/catkin_ws/build/CMakeFiles/CMakeTmp/CMakeFiles 1
Building C object CMakeFiles/cmTryCompileExec152529491.dir/CheckSymbolExists.c.o
/usr/bin/cc    -o CMakeFiles/cmTryCompileExec152529491.dir/CheckSymbolExists.c.o   -c /home/cwu/Experiment/SVO/catkin_ws/build/CMakeFiles/CMakeTmp/CheckSymbolExists.c
Linking C executable cmTryCompileExec152529491
/usr/bin/cmake -E cmake_link_script CMakeFiles/cmTryCompileExec152529491.dir/link.txt --verbose=1
/usr/bin/cc       CMakeFiles/cmTryCompileExec152529491.dir/CheckSymbolExists.c.o  -o cmTryCompileExec152529491 -rdynamic 
CMakeFiles/cmTryCompileExec152529491.dir/CheckSymbolExists.c.o: In function `main':
CheckSymbolExists.c:(.text+0x16): undefined reference to `pthread_create'
collect2: error: ld returned 1 exit status
make[1]: Leaving directory `/home/cwu/Experiment/SVO/catkin_ws/build/CMakeFiles/CMakeTmp'
make[1]: *** [cmTryCompileExec152529491] Error 1
make: *** [cmTryCompileExec152529491/fast] Error 2

File /home/cwu/Experiment/SVO/catkin_ws/build/CMakeFiles/CMakeTmp/CheckSymbolExists.c:
/* */
#include <pthread.h>

int main(int argc, char** argv)
{
  (void)argv;
#ifndef pthread_create
  return ((int*)(&pthread_create))[argc];
#else
  (void)argc;
  return 0;
#endif
}

Determining if the function pthread_create exists in the pthreads failed with the following output:
Change Dir: /home/cwu/Experiment/SVO/catkin_ws/build/CMakeFiles/CMakeTmp

Run Build Command:"/usr/bin/make" "cmTryCompileExec481391476/fast"
/usr/bin/make -f CMakeFiles/cmTryCompileExec481391476.dir/build.make CMakeFiles/cmTryCompileExec481391476.dir/build
make[1]: Entering directory `/home/cwu/Experiment/SVO/catkin_ws/build/CMakeFiles/CMakeTmp'
/usr/bin/cmake -E cmake_progress_report /home/cwu/Experiment/SVO/catkin_ws/build/CMakeFiles/CMakeTmp/CMakeFiles 1
Building C object CMakeFiles/cmTryCompileExec481391476.dir/CheckFunctionExists.c.o
/usr/bin/cc   -DCHECK_FUNCTION_EXISTS=pthread_create   -o CMakeFiles/cmTryCompileExec481391476.dir/CheckFunctionExists.c.o   -c /usr/share/cmake-3.2/Modules/CheckFunctionExists.c
Linking C executable cmTryCompileExec481391476
/usr/bin/cmake -E cmake_link_script CMakeFiles/cmTryCompileExec481391476.dir/link.txt --verbose=1
/usr/bin/cc   -DCHECK_FUNCTION_EXISTS=pthread_create    CMakeFiles/cmTryCompileExec481391476.dir/CheckFunctionExists.c.o  -o cmTryCompileExec481391476 -rdynamic -lpthreads 
/usr/bin/ld: cannot find -lpthreads
collect2: error: ld returned 1 exit status
make[1]: *** [cmTryCompileExec481391476] Error 1
make[1]: Leaving directory `/home/cwu/Experiment/SVO/catkin_ws/build/CMakeFiles/CMakeTmp'
make: *** [cmTryCompileExec481391476/fast] Error 2


