Determining if the pthread_create exist failed with the following output:
Change Dir: /home/cwu/Experiment/SVO/catkin_ws/src/rpg_svo/svo/build/CMakeFiles/CMakeTmp

Run Build Command:"/usr/bin/make" "cmTryCompileExec860798658/fast"
/usr/bin/make -f CMakeFiles/cmTryCompileExec860798658.dir/build.make CMakeFiles/cmTryCompileExec860798658.dir/build
make[1]: Entering directory `/home/cwu/Experiment/SVO/catkin_ws/src/rpg_svo/svo/build/CMakeFiles/CMakeTmp'
/usr/bin/cmake -E cmake_progress_report /home/cwu/Experiment/SVO/catkin_ws/src/rpg_svo/svo/build/CMakeFiles/CMakeTmp/CMakeFiles 1
Building C object CMakeFiles/cmTryCompileExec860798658.dir/CheckSymbolExists.c.o
/usr/bin/cc    -o CMakeFiles/cmTryCompileExec860798658.dir/CheckSymbolExists.c.o   -c /home/cwu/Experiment/SVO/catkin_ws/src/rpg_svo/svo/build/CMakeFiles/CMakeTmp/CheckSymbolExists.c
Linking C executable cmTryCompileExec860798658
/usr/bin/cmake -E cmake_link_script CMakeFiles/cmTryCompileExec860798658.dir/link.txt --verbose=1
/usr/bin/cc       CMakeFiles/cmTryCompileExec860798658.dir/CheckSymbolExists.c.o  -o cmTryCompileExec860798658 -rdynamic 
CMakeFiles/cmTryCompileExec860798658.dir/CheckSymbolExists.c.o: In function `main':
CheckSymbolExists.c:(.text+0x16): undefined reference to `pthread_create'
collect2: error: ld returned 1 exit status
make[1]: *** [cmTryCompileExec860798658] Error 1
make[1]: Leaving directory `/home/cwu/Experiment/SVO/catkin_ws/src/rpg_svo/svo/build/CMakeFiles/CMakeTmp'
make: *** [cmTryCompileExec860798658/fast] Error 2

File /home/cwu/Experiment/SVO/catkin_ws/src/rpg_svo/svo/build/CMakeFiles/CMakeTmp/CheckSymbolExists.c:
/* */
#include <pthread.h>

int main(int argc, char** argv)
{
  (void)argv;
#ifndef pthread_create
  return ((int*)(&pthread_create))[argc];
#else
  (void)argc;
  return 0;
#endif
}

Determining if the function pthread_create exists in the pthreads failed with the following output:
Change Dir: /home/cwu/Experiment/SVO/catkin_ws/src/rpg_svo/svo/build/CMakeFiles/CMakeTmp

Run Build Command:"/usr/bin/make" "cmTryCompileExec3893642227/fast"
/usr/bin/make -f CMakeFiles/cmTryCompileExec3893642227.dir/build.make CMakeFiles/cmTryCompileExec3893642227.dir/build
make[1]: Entering directory `/home/cwu/Experiment/SVO/catkin_ws/src/rpg_svo/svo/build/CMakeFiles/CMakeTmp'
/usr/bin/cmake -E cmake_progress_report /home/cwu/Experiment/SVO/catkin_ws/src/rpg_svo/svo/build/CMakeFiles/CMakeTmp/CMakeFiles 1
Building C object CMakeFiles/cmTryCompileExec3893642227.dir/CheckFunctionExists.c.o
/usr/bin/cc   -DCHECK_FUNCTION_EXISTS=pthread_create   -o CMakeFiles/cmTryCompileExec3893642227.dir/CheckFunctionExists.c.o   -c /usr/share/cmake-3.2/Modules/CheckFunctionExists.c
Linking C executable cmTryCompileExec3893642227
/usr/bin/cmake -E cmake_link_script CMakeFiles/cmTryCompileExec3893642227.dir/link.txt --verbose=1
/usr/bin/cc   -DCHECK_FUNCTION_EXISTS=pthread_create    CMakeFiles/cmTryCompileExec3893642227.dir/CheckFunctionExists.c.o  -o cmTryCompileExec3893642227 -rdynamic -lpthreads 
/usr/bin/ld: cannot find -lpthreads
collect2: error: ld returned 1 exit status
make[1]: *** [cmTryCompileExec3893642227] Error 1
make[1]: Leaving directory `/home/cwu/Experiment/SVO/catkin_ws/src/rpg_svo/svo/build/CMakeFiles/CMakeTmp'
make: *** [cmTryCompileExec3893642227/fast] Error 2


